INFO: [VRFC 10-2263] Analyzing SystemVerilog file "E:/Fotos lab digitales/GVI10_sesion8/actividad2/project_1/project_1.srcs/sources_1/new/BCD_to_sevenSeg.sv" into library xil_defaultlib
INFO: [VRFC 10-311] analyzing module BCD_to_sevenSeg
INFO: [VRFC 10-2263] Analyzing SystemVerilog file "E:/Fotos lab digitales/GVI10_sesion8/actividad2/project_1/project_1.srcs/sources_1/new/Dec_8.sv" into library xil_defaultlib
INFO: [VRFC 10-311] analyzing module Dec_8
INFO: [VRFC 10-2263] Analyzing SystemVerilog file "E:/Fotos lab digitales/GVI10_sesion8/actividad2/project_1/project_1.srcs/sources_1/new/Display.sv" into library xil_defaultlib
INFO: [VRFC 10-311] analyzing module Display
INFO: [VRFC 10-2263] Analyzing SystemVerilog file "E:/Fotos lab digitales/GVI10_sesion8/actividad2/project_1/project_1.srcs/sources_1/new/Mux.sv" into library xil_defaultlib
INFO: [VRFC 10-311] analyzing module Mux
INFO: [VRFC 10-2263] Analyzing SystemVerilog file "E:/Fotos lab digitales/GVI10_sesion8/actividad2/project_1/project_1.srcs/sources_1/new/Mux_temporal_multi_bits.sv" into library xil_defaultlib
INFO: [VRFC 10-311] analyzing module Mux_temporal_multi_bits
INFO: [VRFC 10-2263] Analyzing SystemVerilog file "E:/Fotos lab digitales/GVI10_sesion8/actividad2/project_1/project_1.srcs/sources_1/new/PB_debouncer.sv" into library xil_defaultlib
INFO: [VRFC 10-311] analyzing module PB_Debouncer
INFO: [VRFC 10-2263] Analyzing SystemVerilog file "E:/Fotos lab digitales/GVI10_sesion8/actividad2/project_1/project_1.srcs/sources_1/new/ReversePolishFSM.sv" into library xil_defaultlib
INFO: [VRFC 10-311] analyzing module ReversePolishFSM
INFO: [VRFC 10-2263] Analyzing SystemVerilog file "E:/Fotos lab digitales/GVI10_sesion8/actividad2/project_1/project_1.srcs/sources_1/new/S4_actividad1.sv" into library xil_defaultlib
INFO: [VRFC 10-311] analyzing module S4_actividad1
INFO: [VRFC 10-2263] Analyzing SystemVerilog file "E:/Fotos lab digitales/GVI10_sesion8/actividad2/project_1/project_1.srcs/sources_1/new/S4_actividad3.sv" into library xil_defaultlib
INFO: [VRFC 10-311] analyzing module S4_actividad3
INFO: [VRFC 10-2263] Analyzing SystemVerilog file "E:/Fotos lab digitales/GVI10_sesion8/actividad2/project_1/project_1.srcs/sources_1/new/S6_Actividad1.sv" into library xil_defaultlib
INFO: [VRFC 10-311] analyzing module S6_Actividad1
INFO: [VRFC 10-2263] Analyzing SystemVerilog file "E:/Fotos lab digitales/GVI10_sesion8/actividad2/project_1/project_1.srcs/sources_1/new/S8_actividad2.sv" into library xil_defaultlib
INFO: [VRFC 10-311] analyzing module S8_actividad2
INFO: [VRFC 10-2263] Analyzing SystemVerilog file "E:/Fotos lab digitales/GVI10_sesion8/actividad2/project_1/project_1.srcs/sources_1/new/counter_Nbits.sv" into library xil_defaultlib
INFO: [VRFC 10-311] analyzing module counter_Nbits
INFO: [VRFC 10-2263] Analyzing SystemVerilog file "E:/Fotos lab digitales/GVI10_sesion8/actividad2/project_1/project_1.srcs/sources_1/new/reg_param.sv" into library xil_defaultlib
INFO: [VRFC 10-311] analyzing module reg_param
INFO: [VRFC 10-2263] Analyzing SystemVerilog file "E:/Fotos lab digitales/GVI10_sesion8/actividad2/project_1/project_1.srcs/sources_1/new/unsigned_to_bcd.sv" into library xil_defaultlib
INFO: [VRFC 10-311] analyzing module unsigned_to_bcd
INFO: [VRFC 10-2263] Analyzing SystemVerilog file "E:/Fotos lab digitales/GVI10_sesion8/actividad2/project_1/project_1.srcs/sim_1/new/test2.sv" into library xil_defaultlib
INFO: [VRFC 10-311] analyzing module test2
