Copyright 1986-2022 Xilinx, Inc. All Rights Reserved.
---------------------------------------------------------------------------------------------------------------------------------------------------------------------------------------------------------------------------------------------------------------------
| Tool Version : Vivado v.2022.2 (win64) Build 3671981 Fri Oct 14 05:00:03 MDT 2022
| Date         : Fri May  5 12:02:43 2023
| Host         : LAPTOP-KMRB3L2R running 64-bit major release  (build 9200)
| Command      : report_timing_summary -max_paths 10 -report_unconstrained -file S4_actividad3_optimizada_timing_summary_routed.rpt -pb S4_actividad3_optimizada_timing_summary_routed.pb -rpx S4_actividad3_optimizada_timing_summary_routed.rpx -warn_on_violation
| Design       : S4_actividad3_optimizada
| Device       : 7a100t-csg324
| Speed File   : -1  PRODUCTION 1.23 2018-06-13
---------------------------------------------------------------------------------------------------------------------------------------------------------------------------------------------------------------------------------------------------------------------

Timing Summary Report

------------------------------------------------------------------------------------------------
| Timer Settings
| --------------
------------------------------------------------------------------------------------------------

  Enable Multi Corner Analysis               :  Yes
  Enable Pessimism Removal                   :  Yes
  Pessimism Removal Resolution               :  Nearest Common Node
  Enable Input Delay Default Clock           :  No
  Enable Preset / Clear Arcs                 :  No
  Disable Flight Delays                      :  No
  Ignore I/O Paths                           :  No
  Timing Early Launch at Borrowing Latches   :  No
  Borrow Time for Max Delay Exceptions       :  Yes
  Merge Timing Exceptions                    :  Yes

  Corner  Analyze    Analyze    
  Name    Max Paths  Min Paths  
  ------  ---------  ---------  
  Slow    Yes        Yes        
  Fast    Yes        Yes        


------------------------------------------------------------------------------------------------
| Report Methodology
| ------------------
------------------------------------------------------------------------------------------------

No report available as report_methodology has not been run prior. Run report_methodology on the current design for the summary of methodology violations.



check_timing report

Table of Contents
-----------------
1. checking no_clock (0)
2. checking constant_clock (0)
3. checking pulse_width_clock (0)
4. checking unconstrained_internal_endpoints (0)
5. checking no_input_delay (0)
6. checking no_output_delay (0)
7. checking multiple_clock (0)
8. checking generated_clocks (0)
9. checking loops (0)
10. checking partial_input_delay (0)
11. checking partial_output_delay (0)
12. checking latch_loops (0)

1. checking no_clock (0)
------------------------
 There are 0 register/latch pins with no clock.


2. checking constant_clock (0)
------------------------------
 There are 0 register/latch pins with constant_clock.


3. checking pulse_width_clock (0)
---------------------------------
 There are 0 register/latch pins which need pulse_width check


4. checking unconstrained_internal_endpoints (0)
------------------------------------------------
 There are 0 pins that are not constrained for maximum delay.

 There are 0 pins that are not constrained for maximum delay due to constant clock.


5. checking no_input_delay (0)
------------------------------
 There are 0 input ports with no input delay specified.

 There are 0 input ports with no input delay but user has a false path constraint.


6. checking no_output_delay (0)
-------------------------------
 There are 0 ports with no output delay specified.

 There are 0 ports with no output delay but user has a false path constraint

 There are 0 ports with no output delay but with a timing clock defined on it or propagating through it


7. checking multiple_clock (0)
------------------------------
 There are 0 register/latch pins with multiple clocks.


8. checking generated_clocks (0)
--------------------------------
 There are 0 generated clocks that are not connected to a clock source.


9. checking loops (0)
---------------------
 There are 0 combinational loops in the design.


10. checking partial_input_delay (0)
------------------------------------
 There are 0 input ports with partial input delay specified.


11. checking partial_output_delay (0)
-------------------------------------
 There are 0 ports with partial output delay specified.


12. checking latch_loops (0)
----------------------------
 There are 0 combinational latch loops in the design through latch input



------------------------------------------------------------------------------------------------
| Design Timing Summary
| ---------------------
------------------------------------------------------------------------------------------------

    WNS(ns)      TNS(ns)  TNS Failing Endpoints  TNS Total Endpoints      WHS(ns)      THS(ns)  THS Failing Endpoints  THS Total Endpoints     WPWS(ns)     TPWS(ns)  TPWS Failing Endpoints  TPWS Total Endpoints  
    -------      -------  ---------------------  -------------------      -------      -------  ---------------------  -------------------     --------     --------  ----------------------  --------------------  
        inf        0.000                      0                   13          inf        0.000                      0                   13           NA           NA                      NA                    NA  


There are no user specified timing constraints.


------------------------------------------------------------------------------------------------
| Clock Summary
| -------------
------------------------------------------------------------------------------------------------


------------------------------------------------------------------------------------------------
| Intra Clock Table
| -----------------
------------------------------------------------------------------------------------------------

Clock             WNS(ns)      TNS(ns)  TNS Failing Endpoints  TNS Total Endpoints      WHS(ns)      THS(ns)  THS Failing Endpoints  THS Total Endpoints     WPWS(ns)     TPWS(ns)  TPWS Failing Endpoints  TPWS Total Endpoints  
-----             -------      -------  ---------------------  -------------------      -------      -------  ---------------------  -------------------     --------     --------  ----------------------  --------------------  


------------------------------------------------------------------------------------------------
| Inter Clock Table
| -----------------
------------------------------------------------------------------------------------------------

From Clock    To Clock          WNS(ns)      TNS(ns)  TNS Failing Endpoints  TNS Total Endpoints      WHS(ns)      THS(ns)  THS Failing Endpoints  THS Total Endpoints  
----------    --------          -------      -------  ---------------------  -------------------      -------      -------  ---------------------  -------------------  


------------------------------------------------------------------------------------------------
| Other Path Groups Table
| -----------------------
------------------------------------------------------------------------------------------------

Path Group    From Clock    To Clock          WNS(ns)      TNS(ns)  TNS Failing Endpoints  TNS Total Endpoints      WHS(ns)      THS(ns)  THS Failing Endpoints  THS Total Endpoints  
----------    ----------    --------          -------      -------  ---------------------  -------------------      -------      -------  ---------------------  -------------------  


------------------------------------------------------------------------------------------------
| User Ignored Path Table
| -----------------------
------------------------------------------------------------------------------------------------

Path Group    From Clock    To Clock    
----------    ----------    --------    


------------------------------------------------------------------------------------------------
| Unconstrained Path Table
| ------------------------
------------------------------------------------------------------------------------------------

Path Group    From Clock    To Clock    
----------    ----------    --------    
(none)                                    


------------------------------------------------------------------------------------------------
| Timing Details
| --------------
------------------------------------------------------------------------------------------------


--------------------------------------------------------------------------------------
Path Group:  (none)
From Clock:  
  To Clock:  

Max Delay            13 Endpoints
Min Delay            13 Endpoints
--------------------------------------------------------------------------------------


Max Delay Paths
--------------------------------------------------------------------------------------
Slack:                    inf
  Source:                 OpCode[0]
                            (input port)
  Destination:            flags[2]
                            (output port)
  Path Group:             (none)
  Path Type:              Max at Slow Process Corner
  Data Path Delay:        10.720ns  (logic 4.876ns (45.483%)  route 5.844ns (54.517%))
  Logic Levels:           6  (CARRY4=2 IBUF=1 LUT5=1 LUT6=1 OBUF=1)

    Location             Delay type                Incr(ns)  Path(ns)    Netlist Resource(s)
  -------------------------------------------------------------------    -------------------
    U17                                               0.000     0.000 r  OpCode[0] (IN)
                         net (fo=0)                   0.000     0.000    OpCode[0]
    U17                  IBUF (Prop_ibuf_I_O)         0.985     0.985 r  OpCode_IBUF[0]_inst/O
                         net (fo=23, routed)          1.924     2.909    OpCode_IBUF[0]
    SLICE_X0Y62          CARRY4 (Prop_carry4_DI[0]_CO[3])
                                                      0.635     3.544 r  Result_OBUF[3]_inst_i_2/CO[3]
                         net (fo=1, routed)           0.000     3.544    Result_OBUF[3]_inst_i_2_n_0
    SLICE_X0Y63          CARRY4 (Prop_carry4_CI_O[0])
                                                      0.222     3.766 f  flags_OBUF[4]_inst_i_2/O[0]
                         net (fo=1, routed)           0.860     4.626    p_0_in[4]
    SLICE_X1Y63          LUT5 (Prop_lut5_I0_O)        0.299     4.925 f  Result_OBUF[4]_inst_i_1/O
                         net (fo=3, routed)           0.972     5.897    Result_OBUF[4]
    SLICE_X0Y65          LUT6 (Prop_lut6_I0_O)        0.124     6.021 r  flags_OBUF[2]_inst_i_1/O
                         net (fo=1, routed)           2.089     8.109    flags_OBUF[2]
    N15                  OBUF (Prop_obuf_I_O)         2.610    10.720 r  flags_OBUF[2]_inst/O
                         net (fo=0)                   0.000    10.720    flags[2]
    N15                                                               r  flags[2] (OUT)
  -------------------------------------------------------------------    -------------------

Slack:                    inf
  Source:                 OpCode[0]
                            (input port)
  Destination:            flags[0]
                            (output port)
  Path Group:             (none)
  Path Type:              Max at Slow Process Corner
  Data Path Delay:        10.599ns  (logic 4.901ns (46.239%)  route 5.698ns (53.761%))
  Logic Levels:           6  (CARRY4=2 IBUF=1 LUT5=1 LUT6=1 OBUF=1)

    Location             Delay type                Incr(ns)  Path(ns)    Netlist Resource(s)
  -------------------------------------------------------------------    -------------------
    U17                                               0.000     0.000 r  OpCode[0] (IN)
                         net (fo=0)                   0.000     0.000    OpCode[0]
    U17                  IBUF (Prop_ibuf_I_O)         0.985     0.985 r  OpCode_IBUF[0]_inst/O
                         net (fo=23, routed)          1.924     2.909    OpCode_IBUF[0]
    SLICE_X0Y62          CARRY4 (Prop_carry4_DI[0]_CO[3])
                                                      0.635     3.544 r  Result_OBUF[3]_inst_i_2/CO[3]
                         net (fo=1, routed)           0.000     3.544    Result_OBUF[3]_inst_i_2_n_0
    SLICE_X0Y63          CARRY4 (Prop_carry4_CI_O[0])
                                                      0.222     3.766 r  flags_OBUF[4]_inst_i_2/O[0]
                         net (fo=1, routed)           0.860     4.626    p_0_in[4]
    SLICE_X1Y63          LUT5 (Prop_lut5_I0_O)        0.299     4.925 r  Result_OBUF[4]_inst_i_1/O
                         net (fo=3, routed)           0.971     5.895    Result_OBUF[4]
    SLICE_X0Y65          LUT6 (Prop_lut6_I1_O)        0.124     6.019 r  flags_OBUF[0]_inst_i_1/O
                         net (fo=1, routed)           1.944     7.963    flags_OBUF[0]
    P17                  OBUF (Prop_obuf_I_O)         2.636    10.599 r  flags_OBUF[0]_inst/O
                         net (fo=0)                   0.000    10.599    flags[0]
    P17                                                               r  flags[0] (OUT)
  -------------------------------------------------------------------    -------------------

Slack:                    inf
  Source:                 OpCode[0]
                            (input port)
  Destination:            flags[4]
                            (output port)
  Path Group:             (none)
  Path Type:              Max at Slow Process Corner
  Data Path Delay:        9.822ns  (logic 5.081ns (51.735%)  route 4.740ns (48.265%))
  Logic Levels:           5  (CARRY4=2 IBUF=1 LUT5=1 OBUF=1)

    Location             Delay type                Incr(ns)  Path(ns)    Netlist Resource(s)
  -------------------------------------------------------------------    -------------------
    U17                                               0.000     0.000 r  OpCode[0] (IN)
                         net (fo=0)                   0.000     0.000    OpCode[0]
    U17                  IBUF (Prop_ibuf_I_O)         0.985     0.985 r  OpCode_IBUF[0]_inst/O
                         net (fo=23, routed)          1.924     2.909    OpCode_IBUF[0]
    SLICE_X0Y62          CARRY4 (Prop_carry4_DI[0]_CO[3])
                                                      0.635     3.544 r  Result_OBUF[3]_inst_i_2/CO[3]
                         net (fo=1, routed)           0.000     3.544    Result_OBUF[3]_inst_i_2_n_0
    SLICE_X0Y63          CARRY4 (Prop_carry4_CI_O[3])
                                                      0.313     3.857 r  flags_OBUF[4]_inst_i_2/O[3]
                         net (fo=2, routed)           0.581     4.439    p_0_in[7]
    SLICE_X1Y65          LUT5 (Prop_lut5_I0_O)        0.332     4.771 r  flags_OBUF[4]_inst_i_1/O
                         net (fo=1, routed)           2.235     7.006    flags_OBUF[4]
    M16                  OBUF (Prop_obuf_I_O)         2.816     9.822 r  flags_OBUF[4]_inst/O
                         net (fo=0)                   0.000     9.822    flags[4]
    M16                                                               r  flags[4] (OUT)
  -------------------------------------------------------------------    -------------------

Slack:                    inf
  Source:                 A[2]
                            (input port)
  Destination:            flags[3]
                            (output port)
  Path Group:             (none)
  Path Type:              Max at Slow Process Corner
  Data Path Delay:        9.778ns  (logic 4.418ns (45.182%)  route 5.360ns (54.818%))
  Logic Levels:           5  (CARRY4=1 IBUF=1 LUT4=2 OBUF=1)

    Location             Delay type                Incr(ns)  Path(ns)    Netlist Resource(s)
  -------------------------------------------------------------------    -------------------
    T9                                                0.000     0.000 r  A[2] (IN)
                         net (fo=0)                   0.000     0.000    A[2]
    T9                   IBUF (Prop_ibuf_I_O)         1.005     1.005 r  A_IBUF[2]_inst/O
                         net (fo=6, routed)           1.793     2.798    A_IBUF[2]
    SLICE_X1Y62          LUT4 (Prop_lut4_I1_O)        0.124     2.922 r  flags_OBUF[3]_inst_i_10/O
                         net (fo=1, routed)           0.000     2.922    flags_OBUF[3]_inst_i_10_n_0
    SLICE_X1Y62          CARRY4 (Prop_carry4_S[1]_CO[3])
                                                      0.550     3.472 r  flags_OBUF[3]_inst_i_3/CO[3]
                         net (fo=1, routed)           1.271     4.743    C0
    SLICE_X1Y64          LUT4 (Prop_lut4_I2_O)        0.124     4.867 r  flags_OBUF[3]_inst_i_1/O
                         net (fo=1, routed)           2.296     7.163    flags_OBUF[3]
    M17                  OBUF (Prop_obuf_I_O)         2.615     9.778 r  flags_OBUF[3]_inst/O
                         net (fo=0)                   0.000     9.778    flags[3]
    M17                                                               r  flags[3] (OUT)
  -------------------------------------------------------------------    -------------------

Slack:                    inf
  Source:                 OpCode[0]
                            (input port)
  Destination:            Result[4]
                            (output port)
  Path Group:             (none)
  Path Type:              Max at Slow Process Corner
  Data Path Delay:        9.734ns  (logic 4.786ns (49.168%)  route 4.948ns (50.831%))
  Logic Levels:           5  (CARRY4=2 IBUF=1 LUT5=1 OBUF=1)

    Location             Delay type                Incr(ns)  Path(ns)    Netlist Resource(s)
  -------------------------------------------------------------------    -------------------
    U17                                               0.000     0.000 r  OpCode[0] (IN)
                         net (fo=0)                   0.000     0.000    OpCode[0]
    U17                  IBUF (Prop_ibuf_I_O)         0.985     0.985 r  OpCode_IBUF[0]_inst/O
                         net (fo=23, routed)          1.924     2.909    OpCode_IBUF[0]
    SLICE_X0Y62          CARRY4 (Prop_carry4_DI[0]_CO[3])
                                                      0.635     3.544 r  Result_OBUF[3]_inst_i_2/CO[3]
                         net (fo=1, routed)           0.000     3.544    Result_OBUF[3]_inst_i_2_n_0
    SLICE_X0Y63          CARRY4 (Prop_carry4_CI_O[0])
                                                      0.222     3.766 r  flags_OBUF[4]_inst_i_2/O[0]
                         net (fo=1, routed)           0.860     4.626    p_0_in[4]
    SLICE_X1Y63          LUT5 (Prop_lut5_I0_O)        0.299     4.925 r  Result_OBUF[4]_inst_i_1/O
                         net (fo=3, routed)           2.164     7.089    Result_OBUF[4]
    T14                  OBUF (Prop_obuf_I_O)         2.645     9.734 r  Result_OBUF[4]_inst/O
                         net (fo=0)                   0.000     9.734    Result[4]
    T14                                                               r  Result[4] (OUT)
  -------------------------------------------------------------------    -------------------

Slack:                    inf
  Source:                 OpCode[0]
                            (input port)
  Destination:            flags[1]
                            (output port)
  Path Group:             (none)
  Path Type:              Max at Slow Process Corner
  Data Path Delay:        9.510ns  (logic 4.856ns (51.059%)  route 4.655ns (48.941%))
  Logic Levels:           5  (CARRY4=2 IBUF=1 LUT5=1 OBUF=1)

    Location             Delay type                Incr(ns)  Path(ns)    Netlist Resource(s)
  -------------------------------------------------------------------    -------------------
    U17                                               0.000     0.000 r  OpCode[0] (IN)
                         net (fo=0)                   0.000     0.000    OpCode[0]
    U17                  IBUF (Prop_ibuf_I_O)         0.985     0.985 r  OpCode_IBUF[0]_inst/O
                         net (fo=23, routed)          1.924     2.909    OpCode_IBUF[0]
    SLICE_X0Y62          CARRY4 (Prop_carry4_DI[0]_CO[3])
                                                      0.635     3.544 r  Result_OBUF[3]_inst_i_2/CO[3]
                         net (fo=1, routed)           0.000     3.544    Result_OBUF[3]_inst_i_2_n_0
    SLICE_X0Y63          CARRY4 (Prop_carry4_CI_O[3])
                                                      0.313     3.857 r  flags_OBUF[4]_inst_i_2/O[3]
                         net (fo=2, routed)           0.581     4.439    p_0_in[7]
    SLICE_X1Y65          LUT5 (Prop_lut5_I0_O)        0.306     4.745 r  flags_OBUF[1]_inst_i_1/O
                         net (fo=4, routed)           2.149     6.894    Result_OBUF[7]
    N16                  OBUF (Prop_obuf_I_O)         2.617     9.510 r  flags_OBUF[1]_inst/O
                         net (fo=0)                   0.000     9.510    flags[1]
    N16                                                               r  flags[1] (OUT)
  -------------------------------------------------------------------    -------------------

Slack:                    inf
  Source:                 OpCode[0]
                            (input port)
  Destination:            Result[5]
                            (output port)
  Path Group:             (none)
  Path Type:              Max at Slow Process Corner
  Data Path Delay:        9.499ns  (logic 4.882ns (51.394%)  route 4.617ns (48.606%))
  Logic Levels:           5  (CARRY4=2 IBUF=1 LUT5=1 OBUF=1)

    Location             Delay type                Incr(ns)  Path(ns)    Netlist Resource(s)
  -------------------------------------------------------------------    -------------------
    U17                                               0.000     0.000 r  OpCode[0] (IN)
                         net (fo=0)                   0.000     0.000    OpCode[0]
    U17                  IBUF (Prop_ibuf_I_O)         0.985     0.985 r  OpCode_IBUF[0]_inst/O
                         net (fo=23, routed)          1.924     2.909    OpCode_IBUF[0]
    SLICE_X0Y62          CARRY4 (Prop_carry4_DI[0]_CO[3])
                                                      0.635     3.544 r  Result_OBUF[3]_inst_i_2/CO[3]
                         net (fo=1, routed)           0.000     3.544    Result_OBUF[3]_inst_i_2_n_0
    SLICE_X0Y63          CARRY4 (Prop_carry4_CI_O[1])
                                                      0.334     3.878 r  flags_OBUF[4]_inst_i_2/O[1]
                         net (fo=1, routed)           0.508     4.386    p_0_in[5]
    SLICE_X1Y63          LUT5 (Prop_lut5_I0_O)        0.303     4.689 r  Result_OBUF[5]_inst_i_1/O
                         net (fo=3, routed)           2.185     6.875    Result_OBUF[5]
    R15                  OBUF (Prop_obuf_I_O)         2.625     9.499 r  Result_OBUF[5]_inst/O
                         net (fo=0)                   0.000     9.499    Result[5]
    R15                                                               r  Result[5] (OUT)
  -------------------------------------------------------------------    -------------------

Slack:                    inf
  Source:                 OpCode[0]
                            (input port)
  Destination:            Result[7]
                            (output port)
  Path Group:             (none)
  Path Type:              Max at Slow Process Corner
  Data Path Delay:        9.392ns  (logic 4.880ns (51.954%)  route 4.512ns (48.046%))
  Logic Levels:           5  (CARRY4=2 IBUF=1 LUT5=1 OBUF=1)

    Location             Delay type                Incr(ns)  Path(ns)    Netlist Resource(s)
  -------------------------------------------------------------------    -------------------
    U17                                               0.000     0.000 r  OpCode[0] (IN)
                         net (fo=0)                   0.000     0.000    OpCode[0]
    U17                  IBUF (Prop_ibuf_I_O)         0.985     0.985 r  OpCode_IBUF[0]_inst/O
                         net (fo=23, routed)          1.924     2.909    OpCode_IBUF[0]
    SLICE_X0Y62          CARRY4 (Prop_carry4_DI[0]_CO[3])
                                                      0.635     3.544 r  Result_OBUF[3]_inst_i_2/CO[3]
                         net (fo=1, routed)           0.000     3.544    Result_OBUF[3]_inst_i_2_n_0
    SLICE_X0Y63          CARRY4 (Prop_carry4_CI_O[3])
                                                      0.313     3.857 r  flags_OBUF[4]_inst_i_2/O[3]
                         net (fo=2, routed)           0.581     4.439    p_0_in[7]
    SLICE_X1Y65          LUT5 (Prop_lut5_I0_O)        0.306     4.745 r  flags_OBUF[1]_inst_i_1/O
                         net (fo=4, routed)           2.007     6.752    Result_OBUF[7]
    R17                  OBUF (Prop_obuf_I_O)         2.640     9.392 r  Result_OBUF[7]_inst/O
                         net (fo=0)                   0.000     9.392    Result[7]
    R17                                                               r  Result[7] (OUT)
  -------------------------------------------------------------------    -------------------

Slack:                    inf
  Source:                 OpCode[0]
                            (input port)
  Destination:            Result[3]
                            (output port)
  Path Group:             (none)
  Path Type:              Max at Slow Process Corner
  Data Path Delay:        9.277ns  (logic 4.662ns (50.258%)  route 4.615ns (49.742%))
  Logic Levels:           4  (CARRY4=1 IBUF=1 LUT5=1 OBUF=1)

    Location             Delay type                Incr(ns)  Path(ns)    Netlist Resource(s)
  -------------------------------------------------------------------    -------------------
    U17                                               0.000     0.000 r  OpCode[0] (IN)
                         net (fo=0)                   0.000     0.000    OpCode[0]
    U17                  IBUF (Prop_ibuf_I_O)         0.985     0.985 r  OpCode_IBUF[0]_inst/O
                         net (fo=23, routed)          1.924     2.909    OpCode_IBUF[0]
    SLICE_X0Y62          CARRY4 (Prop_carry4_DI[0]_O[3])
                                                      0.724     3.633 r  Result_OBUF[3]_inst_i_2/O[3]
                         net (fo=3, routed)           0.813     4.446    p_0_in[3]
    SLICE_X1Y64          LUT5 (Prop_lut5_I0_O)        0.306     4.752 r  Result_OBUF[3]_inst_i_1/O
                         net (fo=1, routed)           1.878     6.630    Result_OBUF[3]
    T15                  OBUF (Prop_obuf_I_O)         2.647     9.277 r  Result_OBUF[3]_inst/O
                         net (fo=0)                   0.000     9.277    Result[3]
    T15                                                               r  Result[3] (OUT)
  -------------------------------------------------------------------    -------------------

Slack:                    inf
  Source:                 OpCode[0]
                            (input port)
  Destination:            Result[2]
                            (output port)
  Path Group:             (none)
  Path Type:              Max at Slow Process Corner
  Data Path Delay:        9.154ns  (logic 4.582ns (50.054%)  route 4.572ns (49.946%))
  Logic Levels:           4  (CARRY4=1 IBUF=1 LUT5=1 OBUF=1)

    Location             Delay type                Incr(ns)  Path(ns)    Netlist Resource(s)
  -------------------------------------------------------------------    -------------------
    U17                                               0.000     0.000 r  OpCode[0] (IN)
                         net (fo=0)                   0.000     0.000    OpCode[0]
    U17                  IBUF (Prop_ibuf_I_O)         0.985     0.985 r  OpCode_IBUF[0]_inst/O
                         net (fo=23, routed)          1.924     2.909    OpCode_IBUF[0]
    SLICE_X0Y62          CARRY4 (Prop_carry4_DI[0]_O[2])
                                                      0.665     3.574 r  Result_OBUF[3]_inst_i_2/O[2]
                         net (fo=3, routed)           0.797     4.371    p_0_in[2]
    SLICE_X1Y64          LUT5 (Prop_lut5_I0_O)        0.302     4.673 r  Result_OBUF[2]_inst_i_1/O
                         net (fo=1, routed)           1.851     6.524    Result_OBUF[2]
    R16                  OBUF (Prop_obuf_I_O)         2.630     9.154 r  Result_OBUF[2]_inst/O
                         net (fo=0)                   0.000     9.154    Result[2]
    R16                                                               r  Result[2] (OUT)
  -------------------------------------------------------------------    -------------------





Min Delay Paths
--------------------------------------------------------------------------------------
Slack:                    inf
  Source:                 B[7]
                            (input port)
  Destination:            Result[7]
                            (output port)
  Path Group:             (none)
  Path Type:              Min at Fast Process Corner
  Data Path Delay:        2.280ns  (logic 1.410ns (61.842%)  route 0.870ns (38.158%))
  Logic Levels:           3  (IBUF=1 LUT5=1 OBUF=1)

    Location             Delay type                Incr(ns)  Path(ns)    Netlist Resource(s)
  -------------------------------------------------------------------    -------------------
    U18                                               0.000     0.000 f  B[7] (IN)
                         net (fo=0)                   0.000     0.000    B[7]
    U18                  IBUF (Prop_ibuf_I_O)         0.208     0.208 f  B_IBUF[7]_inst/O
                         net (fo=5, routed)           0.334     0.542    B_IBUF[7]
    SLICE_X1Y65          LUT5 (Prop_lut5_I3_O)        0.045     0.587 r  flags_OBUF[1]_inst_i_1/O
                         net (fo=4, routed)           0.536     1.123    Result_OBUF[7]
    R17                  OBUF (Prop_obuf_I_O)         1.157     2.280 r  Result_OBUF[7]_inst/O
                         net (fo=0)                   0.000     2.280    Result[7]
    R17                                                               r  Result[7] (OUT)
  -------------------------------------------------------------------    -------------------

Slack:                    inf
  Source:                 B[2]
                            (input port)
  Destination:            Result[2]
                            (output port)
  Path Group:             (none)
  Path Type:              Min at Fast Process Corner
  Data Path Delay:        2.299ns  (logic 1.429ns (62.142%)  route 0.870ns (37.858%))
  Logic Levels:           3  (IBUF=1 LUT5=1 OBUF=1)

    Location             Delay type                Incr(ns)  Path(ns)    Netlist Resource(s)
  -------------------------------------------------------------------    -------------------
    U12                                               0.000     0.000 f  B[2] (IN)
                         net (fo=0)                   0.000     0.000    B[2]
    U12                  IBUF (Prop_ibuf_I_O)         0.237     0.237 f  B_IBUF[2]_inst/O
                         net (fo=5, routed)           0.459     0.696    B_IBUF[2]
    SLICE_X1Y64          LUT5 (Prop_lut5_I3_O)        0.045     0.741 r  Result_OBUF[2]_inst_i_1/O
                         net (fo=1, routed)           0.411     1.152    Result_OBUF[2]
    R16                  OBUF (Prop_obuf_I_O)         1.147     2.299 r  Result_OBUF[2]_inst/O
                         net (fo=0)                   0.000     2.299    Result[2]
    R16                                                               r  Result[2] (OUT)
  -------------------------------------------------------------------    -------------------

Slack:                    inf
  Source:                 B[1]
                            (input port)
  Destination:            Result[1]
                            (output port)
  Path Group:             (none)
  Path Type:              Min at Fast Process Corner
  Data Path Delay:        2.306ns  (logic 1.415ns (61.366%)  route 0.891ns (38.634%))
  Logic Levels:           3  (IBUF=1 LUT5=1 OBUF=1)

    Location             Delay type                Incr(ns)  Path(ns)    Netlist Resource(s)
  -------------------------------------------------------------------    -------------------
    V12                                               0.000     0.000 f  B[1] (IN)
                         net (fo=0)                   0.000     0.000    B[1]
    V12                  IBUF (Prop_ibuf_I_O)         0.229     0.229 f  B_IBUF[1]_inst/O
                         net (fo=5, routed)           0.480     0.709    B_IBUF[1]
    SLICE_X1Y63          LUT5 (Prop_lut5_I3_O)        0.045     0.754 r  Result_OBUF[1]_inst_i_1/O
                         net (fo=1, routed)           0.411     1.165    Result_OBUF[1]
    T16                  OBUF (Prop_obuf_I_O)         1.141     2.306 r  Result_OBUF[1]_inst/O
                         net (fo=0)                   0.000     2.306    Result[1]
    T16                                                               r  Result[1] (OUT)
  -------------------------------------------------------------------    -------------------

Slack:                    inf
  Source:                 B[7]
                            (input port)
  Destination:            flags[1]
                            (output port)
  Path Group:             (none)
  Path Type:              Min at Fast Process Corner
  Data Path Delay:        2.317ns  (logic 1.387ns (59.853%)  route 0.930ns (40.147%))
  Logic Levels:           3  (IBUF=1 LUT5=1 OBUF=1)

    Location             Delay type                Incr(ns)  Path(ns)    Netlist Resource(s)
  -------------------------------------------------------------------    -------------------
    U18                                               0.000     0.000 f  B[7] (IN)
                         net (fo=0)                   0.000     0.000    B[7]
    U18                  IBUF (Prop_ibuf_I_O)         0.208     0.208 f  B_IBUF[7]_inst/O
                         net (fo=5, routed)           0.334     0.542    B_IBUF[7]
    SLICE_X1Y65          LUT5 (Prop_lut5_I3_O)        0.045     0.587 r  flags_OBUF[1]_inst_i_1/O
                         net (fo=4, routed)           0.596     1.183    Result_OBUF[7]
    N16                  OBUF (Prop_obuf_I_O)         1.134     2.317 r  flags_OBUF[1]_inst/O
                         net (fo=0)                   0.000     2.317    flags[1]
    N16                                                               r  flags[1] (OUT)
  -------------------------------------------------------------------    -------------------

Slack:                    inf
  Source:                 B[3]
                            (input port)
  Destination:            Result[3]
                            (output port)
  Path Group:             (none)
  Path Type:              Min at Fast Process Corner
  Data Path Delay:        2.339ns  (logic 1.432ns (61.246%)  route 0.906ns (38.754%))
  Logic Levels:           3  (IBUF=1 LUT5=1 OBUF=1)

    Location             Delay type                Incr(ns)  Path(ns)    Netlist Resource(s)
  -------------------------------------------------------------------    -------------------
    U11                                               0.000     0.000 f  B[3] (IN)
                         net (fo=0)                   0.000     0.000    B[3]
    U11                  IBUF (Prop_ibuf_I_O)         0.223     0.223 f  B_IBUF[3]_inst/O
                         net (fo=5, routed)           0.492     0.716    B_IBUF[3]
    SLICE_X1Y64          LUT5 (Prop_lut5_I3_O)        0.045     0.761 r  Result_OBUF[3]_inst_i_1/O
                         net (fo=1, routed)           0.414     1.175    Result_OBUF[3]
    T15                  OBUF (Prop_obuf_I_O)         1.164     2.339 r  Result_OBUF[3]_inst/O
                         net (fo=0)                   0.000     2.339    Result[3]
    T15                                                               r  Result[3] (OUT)
  -------------------------------------------------------------------    -------------------

Slack:                    inf
  Source:                 B[4]
                            (input port)
  Destination:            Result[4]
                            (output port)
  Path Group:             (none)
  Path Type:              Min at Fast Process Corner
  Data Path Delay:        2.339ns  (logic 1.426ns (60.961%)  route 0.913ns (39.039%))
  Logic Levels:           3  (IBUF=1 LUT5=1 OBUF=1)

    Location             Delay type                Incr(ns)  Path(ns)    Netlist Resource(s)
  -------------------------------------------------------------------    -------------------
    T11                                               0.000     0.000 f  B[4] (IN)
                         net (fo=0)                   0.000     0.000    B[4]
    T11                  IBUF (Prop_ibuf_I_O)         0.219     0.219 f  B_IBUF[4]_inst/O
                         net (fo=4, routed)           0.383     0.602    B_IBUF[4]
    SLICE_X1Y63          LUT5 (Prop_lut5_I3_O)        0.045     0.647 r  Result_OBUF[4]_inst_i_1/O
                         net (fo=3, routed)           0.530     1.178    Result_OBUF[4]
    T14                  OBUF (Prop_obuf_I_O)         1.161     2.339 r  Result_OBUF[4]_inst/O
                         net (fo=0)                   0.000     2.339    Result[4]
    T14                                                               r  Result[4] (OUT)
  -------------------------------------------------------------------    -------------------

Slack:                    inf
  Source:                 B[7]
                            (input port)
  Destination:            flags[4]
                            (output port)
  Path Group:             (none)
  Path Type:              Min at Fast Process Corner
  Data Path Delay:        2.377ns  (logic 1.449ns (60.957%)  route 0.928ns (39.043%))
  Logic Levels:           3  (IBUF=1 LUT5=1 OBUF=1)

    Location             Delay type                Incr(ns)  Path(ns)    Netlist Resource(s)
  -------------------------------------------------------------------    -------------------
    U18                                               0.000     0.000 r  B[7] (IN)
                         net (fo=0)                   0.000     0.000    B[7]
    U18                  IBUF (Prop_ibuf_I_O)         0.208     0.208 r  B_IBUF[7]_inst/O
                         net (fo=5, routed)           0.334     0.542    B_IBUF[7]
    SLICE_X1Y65          LUT5 (Prop_lut5_I2_O)        0.048     0.590 r  flags_OBUF[4]_inst_i_1/O
                         net (fo=1, routed)           0.594     1.184    flags_OBUF[4]
    M16                  OBUF (Prop_obuf_I_O)         1.193     2.377 r  flags_OBUF[4]_inst/O
                         net (fo=0)                   0.000     2.377    flags[4]
    M16                                                               r  flags[4] (OUT)
  -------------------------------------------------------------------    -------------------

Slack:                    inf
  Source:                 B[5]
                            (input port)
  Destination:            Result[5]
                            (output port)
  Path Group:             (none)
  Path Type:              Min at Fast Process Corner
  Data Path Delay:        2.414ns  (logic 1.398ns (57.898%)  route 1.016ns (42.102%))
  Logic Levels:           3  (IBUF=1 LUT5=1 OBUF=1)

    Location             Delay type                Incr(ns)  Path(ns)    Netlist Resource(s)
  -------------------------------------------------------------------    -------------------
    V17                                               0.000     0.000 f  B[5] (IN)
                         net (fo=0)                   0.000     0.000    B[5]
    V17                  IBUF (Prop_ibuf_I_O)         0.211     0.211 f  B_IBUF[5]_inst/O
                         net (fo=4, routed)           0.484     0.695    B_IBUF[5]
    SLICE_X1Y63          LUT5 (Prop_lut5_I3_O)        0.045     0.740 r  Result_OBUF[5]_inst_i_1/O
                         net (fo=3, routed)           0.532     1.272    Result_OBUF[5]
    R15                  OBUF (Prop_obuf_I_O)         1.142     2.414 r  Result_OBUF[5]_inst/O
                         net (fo=0)                   0.000     2.414    Result[5]
    R15                                                               r  Result[5] (OUT)
  -------------------------------------------------------------------    -------------------

Slack:                    inf
  Source:                 OpCode[0]
                            (input port)
  Destination:            Result[0]
                            (output port)
  Path Group:             (none)
  Path Type:              Min at Fast Process Corner
  Data Path Delay:        2.438ns  (logic 1.485ns (60.932%)  route 0.952ns (39.068%))
  Logic Levels:           3  (IBUF=1 LUT5=1 OBUF=1)

    Location             Delay type                Incr(ns)  Path(ns)    Netlist Resource(s)
  -------------------------------------------------------------------    -------------------
    U17                                               0.000     0.000 r  OpCode[0] (IN)
                         net (fo=0)                   0.000     0.000    OpCode[0]
    U17                  IBUF (Prop_ibuf_I_O)         0.214     0.214 r  OpCode_IBUF[0]_inst/O
                         net (fo=23, routed)          0.527     0.741    OpCode_IBUF[0]
    SLICE_X0Y65          LUT5 (Prop_lut5_I1_O)        0.043     0.784 r  Result_OBUF[0]_inst_i_1/O
                         net (fo=1, routed)           0.425     1.209    Result_OBUF[0]
    V15                  OBUF (Prop_obuf_I_O)         1.228     2.438 r  Result_OBUF[0]_inst/O
                         net (fo=0)                   0.000     2.438    Result[0]
    V15                                                               r  Result[0] (OUT)
  -------------------------------------------------------------------    -------------------

Slack:                    inf
  Source:                 OpCode[1]
                            (input port)
  Destination:            Result[6]
                            (output port)
  Path Group:             (none)
  Path Type:              Min at Fast Process Corner
  Data Path Delay:        2.467ns  (logic 1.395ns (56.537%)  route 1.072ns (43.463%))
  Logic Levels:           3  (IBUF=1 LUT5=1 OBUF=1)

    Location             Delay type                Incr(ns)  Path(ns)    Netlist Resource(s)
  -------------------------------------------------------------------    -------------------
    V16                                               0.000     0.000 r  OpCode[1] (IN)
                         net (fo=0)                   0.000     0.000    OpCode[1]
    V16                  IBUF (Prop_ibuf_I_O)         0.207     0.207 r  OpCode_IBUF[1]_inst/O
                         net (fo=18, routed)          0.567     0.773    OpCode_IBUF[1]
    SLICE_X1Y63          LUT5 (Prop_lut5_I4_O)        0.045     0.818 r  Result_OBUF[6]_inst_i_1/O
                         net (fo=3, routed)           0.506     1.324    Result_OBUF[6]
    P15                  OBUF (Prop_obuf_I_O)         1.143     2.467 r  Result_OBUF[6]_inst/O
                         net (fo=0)                   0.000     2.467    Result[6]
    P15                                                               r  Result[6] (OUT)
  -------------------------------------------------------------------    -------------------





