INFO: [VRFC 10-2263] Analyzing SystemVerilog file "C:/Users/ismae/OneDrive/Escritorio/GVI10_sesion7/actividad3/project_1/project_1.srcs/sources_1/new/BCD_to_sevenSeg.sv" into library xil_defaultlib
INFO: [VRFC 10-311] analyzing module BCD_to_sevenSeg
INFO: [VRFC 10-2263] Analyzing SystemVerilog file "C:/Users/ismae/OneDrive/Escritorio/GVI10_sesion7/actividad3/project_1/project_1.srcs/sources_1/new/Dec_8.sv" into library xil_defaultlib
INFO: [VRFC 10-311] analyzing module Dec_8
INFO: [VRFC 10-2263] Analyzing SystemVerilog file "C:/Users/ismae/OneDrive/Escritorio/GVI10_sesion7/actividad3/project_1/project_1.srcs/sources_1/new/Display.sv" into library xil_defaultlib
INFO: [VRFC 10-311] analyzing module Display
INFO: [VRFC 10-2263] Analyzing SystemVerilog file "C:/Users/ismae/OneDrive/Escritorio/GVI10_sesion7/actividad3/project_1/project_1.srcs/sources_1/new/Mux_temporal_multi_bits.sv" into library xil_defaultlib
INFO: [VRFC 10-311] analyzing module Mux_temporal_multi_bits
INFO: [VRFC 10-2263] Analyzing SystemVerilog file "C:/Users/ismae/OneDrive/Escritorio/GVI10_sesion7/actividad3/project_1/project_1.srcs/sources_1/new/ReversePolishFSM.sv" into library xil_defaultlib
INFO: [VRFC 10-311] analyzing module ReversePolishFSM
INFO: [VRFC 10-2263] Analyzing SystemVerilog file "C:/Users/ismae/OneDrive/Escritorio/GVI10_sesion7/actividad3/project_1/project_1.srcs/sources_1/new/S4_actividad1.sv" into library xil_defaultlib
INFO: [VRFC 10-311] analyzing module S4_actividad1
INFO: [VRFC 10-2263] Analyzing SystemVerilog file "C:/Users/ismae/OneDrive/Escritorio/GVI10_sesion7/actividad3/project_1/project_1.srcs/sources_1/new/S4_actividad3.sv" into library xil_defaultlib
INFO: [VRFC 10-311] analyzing module S4_actividad3
INFO: [VRFC 10-2263] Analyzing SystemVerilog file "C:/Users/ismae/OneDrive/Escritorio/GVI10_sesion7/actividad3/project_1/project_1.srcs/sources_1/new/S6_Actividad1.sv" into library xil_defaultlib
INFO: [VRFC 10-311] analyzing module S6_Actividad1
INFO: [VRFC 10-2263] Analyzing SystemVerilog file "C:/Users/ismae/OneDrive/Escritorio/GVI10_sesion7/actividad3/project_1/project_1.srcs/sources_1/new/S7_actividad3.sv" into library xil_defaultlib
INFO: [VRFC 10-311] analyzing module S7_actividad3
INFO: [VRFC 10-2263] Analyzing SystemVerilog file "C:/Users/ismae/OneDrive/Escritorio/GVI10_sesion7/actividad3/project_1/project_1.srcs/sources_1/new/counter_Nbits.sv" into library xil_defaultlib
INFO: [VRFC 10-311] analyzing module counter_Nbits
INFO: [VRFC 10-2263] Analyzing SystemVerilog file "C:/Users/ismae/OneDrive/Escritorio/GVI10_sesion7/actividad3/project_1/project_1.srcs/sources_1/new/edge_detector.sv" into library xil_defaultlib
INFO: [VRFC 10-311] analyzing module edge_detector
INFO: [VRFC 10-2263] Analyzing SystemVerilog file "C:/Users/ismae/OneDrive/Escritorio/GVI10_sesion7/actividad3/project_1/project_1.srcs/sources_1/new/reg_param.sv" into library xil_defaultlib
INFO: [VRFC 10-311] analyzing module reg_param
INFO: [VRFC 10-2263] Analyzing SystemVerilog file "C:/Users/ismae/OneDrive/Escritorio/GVI10_sesion7/actividad3/project_1/project_1.srcs/sim_1/new/test3.sv" into library xil_defaultlib
INFO: [VRFC 10-311] analyzing module test3
INFO: [VRFC 10-2263] Analyzing Verilog file "C:/Users/ismae/OneDrive/Escritorio/GVI10_sesion7/actividad3/project_1/project_1.sim/sim_1/behav/xsim/glbl.v" into library xil_defaultlib
INFO: [VRFC 10-311] analyzing module glbl
